make all --print-data-base --no-builtin-variables --no-builtin-rules --question
# GNU Make 4.3
# Built for x86_64-pc-linux-gnu
# Copyright (C) 1988-2020 Free Software Foundation, Inc.
# License GPLv3+: GNU GPL version 3 or later <http://gnu.org/licenses/gpl.html>
# This is free software: you are free to change and redistribute it.
# There is NO WARRANTY, to the extent permitted by law.

# Make data base, printed on Fri Nov 12 18:34:53 2021

# Variables

# environment
GDK_BACKEND = x11
# environment
LC_ALL = C
# environment
VSCODE_IPC_HOOK_EXTHOST = /run/user/1000/vscode-ipc-f1db6fac-0367-4deb-afdd-50c83511ab0f.sock
# environment
VSCODE_CWD = /home/lin
# environment
WINDOWPATH = 2
# environment
LESS_TERMCAP_me = [0m
# environment
GDM_LANG = en_US.UTF-8
# default
MAKE_COMMAND := make
# environment
QT_ACCESSIBILITY = 1
# automatic
@D = $(patsubst %/,%,$(dir $@))
# environment
VSCODE_HANDLES_UNCAUGHT_ERRORS = true
# default
.VARIABLES := 
# environment
PWD = /home/lin/Desktop/Notes/3313_OPS/Projects/Lab3/SimpleClientServer
# automatic
%D = $(patsubst %/,%,$(dir $%))
# environment
XDG_DATA_DIRS = /usr/share/xfce4:/usr/local/share/:/usr/share/:/usr/share
# environment
OLDPWD = /home/lin
# automatic
^D = $(patsubst %/,%,$(dir $^))
# environment
VSCODE_LOG_STACK = false
# automatic
%F = $(notdir $%)
# environment
VSCODE_CODE_CACHE_PATH = /home/lin/.config/Code/CachedData/ee8c7def80afc00dd6e593ef12f37756d8f504ea
# environment
LANG = C
# environment
XAUTHORITY = /run/user/1000/gdm/Xauthority
# default
.LOADED := 
# environment
LESS_TERMCAP_md = [1;36m
# default
.INCLUDE_DIRS = /usr/local/include /usr/include /usr/include
# makefile
MAKEFLAGS = pqrR
# environment
LESS_TERMCAP_so = [01;33m
# makefile
CURDIR := /home/lin/Desktop/Notes/3313_OPS/Projects/Lab3/SimpleClientServer
# environment
VSCODE_PIPE_LOGGING = true
# environment
APPLICATION_INSIGHTS_NO_DIAGNOSTIC_CHANNEL = true
# automatic
*D = $(patsubst %/,%,$(dir $*))
# environment
LESS_TERMCAP_ue = [0m
# environment
MFLAGS = -pqrR
# environment
SSH_AUTH_SOCK = /tmp/ssh-atc6WDolMZEC/agent.1431
# default
.SHELLFLAGS := -c
# environment
XDG_CONFIG_DIRS = /etc/xdg
# automatic
+D = $(patsubst %/,%,$(dir $+))
# environment
VSCODE_CRASH_REPORTER_START_OPTIONS = {"companyName":"Microsoft","productName":"VSCode","submitURL":"appcenter://code?aid=fba07a4d-84bd-4fc8-a125-9640fc8ce171&uid=d3adf245-1329-4360-9da9-2234a3d402f6&iid=d3adf245-1329-4360-9da9-2234a3d402f6&sid=d3adf245-1329-4360-9da9-2234a3d402f6","uploadToServer":true}
# environment
XDG_SESSION_DESKTOP = default
# makefile (from 'Makefile', line 1)
MAKEFILE_LIST := Makefile
# automatic
@F = $(notdir $@)
# environment
VSCODE_VERBOSE_LOGGING = true
# environment
VSCODE_PID = 39944
# environment
XDG_SESSION_TYPE = x11
# automatic
?D = $(patsubst %/,%,$(dir $?))
# environment
SESSION_MANAGER = local/LAPTOP-0O5ODV92:@/tmp/.ICE-unix/1431,unix/LAPTOP-0O5ODV92:/tmp/.ICE-unix/1431
# automatic
*F = $(notdir $*)
# environment
QT_QPA_PLATFORMTHEME = qt5ct
# environment
CHROME_DESKTOP = code-url-handler.desktop
# environment
DBUS_SESSION_BUS_ADDRESS = unix:path=/run/user/1000/bus
# automatic
<D = $(patsubst %/,%,$(dir $<))
# environment
VSCODE_NLS_CONFIG = {"locale":"en-us","availableLanguages":{},"_languagePackSupport":true}
# environment
BREAKPAD_DUMP_LOCATION = /home/lin/.config/Code/exthost Crash Reports
# default
MAKE_HOST := x86_64-pc-linux-gnu
# makefile
SHELL = /bin/sh
# environment
LESS_TERMCAP_us = [1;32m
# default
MAKECMDGOALS := all
# environment
XMODIFIERS = @im=ibus
# environment
SHLVL = 0
# environment
MAKELEVEL := 0
# default
MAKE = $(MAKE_COMMAND)
# environment
PATH = /usr/local/sbin:/usr/sbin:/sbin:/usr/local/bin:/usr/bin:/bin:/usr/local/games:/usr/games:/home/lin/.dotnet/tools
# environment
LESS_TERMCAP_se = [0m
# default
MAKEFILES := 
# automatic
^F = $(notdir $^)
# environment
COMMAND_NOT_FOUND_INSTALL_PROMPT = 1
# environment
LESS_TERMCAP_mb = [1;31m
# environment
VSCODE_LOG_NATIVE = false
# environment
USERNAME = lin
# automatic
?F = $(notdir $?)
# environment
XDG_SEAT = seat0
# environment
GTK_IM_MODULE = ibus
# environment
XDG_CURRENT_DESKTOP = XFCE
# environment
LS_COLORS = 
# automatic
+F = $(notdir $+)
# environment
DESKTOP_SESSION = default
# environment
ORIGINAL_XDG_CURRENT_DESKTOP = XFCE
# 'override' directive
GNUMAKEFLAGS := 
# environment
CLUTTER_IM_MODULE = ibus
# environment
LOGNAME = lin
# environment
XDG_VTNR = 2
# makefile
.DEFAULT_GOAL := all
# environment
DISPLAY = :1.0
# environment
USER = lin
# environment
GTK_MODULES = gail:atk-bridge
# default
MAKE_VERSION := 4.3
# environment
SSH_AGENT_PID = 1505
# environment
_ = /usr/share/code/code
# environment
XDG_RUNTIME_DIR = /run/user/1000
# environment
POWERSHELL_TELEMETRY_OPTOUT = 1
# environment
XDG_SESSION_CLASS = user
# environment
VSCODE_AMD_ENTRYPOINT = vs/workbench/services/extensions/node/extensionHostProcess
# environment
HOME = /home/lin
# environment
QT_IM_MODULE = ibus
# environment
_JAVA_OPTIONS = -Dawt.useSystemAAFontSettings=on -Dswing.aatext=true
# environment
ELECTRON_RUN_AS_NODE = 1
# environment
VSCODE_IPC_HOOK = /run/user/1000/vscode-640c8ca2-1.61.0-main.sock
# environment
XDG_SESSION_ID = 3
# environment
PANEL_GDK_CORE_DEVICE_EVENTS = 0
# environment
DOTNET_CLI_TELEMETRY_OPTOUT = 1
# default
.RECIPEPREFIX := 
# automatic
<F = $(notdir $<)
# default
SUFFIXES := 
# environment
QT_AUTO_SCREEN_SCALE_FACTOR = 0
# default
.FEATURES := target-specific order-only second-expansion else-if shortest-stem undefine oneshell nocomment grouped-target extra-prereqs archives jobserver output-sync check-symlink load
# environment
XDG_MENU_PREFIX = xfce-
# environment
GDMSESSION = default
# variable set hash-table stats:
# Load=107/1024=10%, Rehash=0, Collisions=11/140=8%

# Pattern-specific Variable Values

# No pattern-specific variable values.

# Directories

# . (device 66306, inode 29099227): 24 files, no impossibilities.

# 24 files, no impossibilities in 1 directories.

# Implicit Rules

# No implicit rules.

# Files

# Not a target:
socket.cpp:
#  Implicit rule search has not been done.
#  Modification time never checked.
#  File has not been updated.

Client.o: Client.cpp socket.h
#  Implicit rule search has not been done.
#  Implicit/static pattern stem: ''
#  Last modified 2021-11-12 18:34:27.824245368
#  File has been updated.
#  Needs to be updated (-q is set).
# automatic
# @ := Client.o
# automatic
# * := 
# automatic
# < := Client.cpp
# automatic
# + := Client.cpp socket.h
# automatic
# % := 
# automatic
# ^ := Client.cpp socket.h
# automatic
# ? := socket.h
# automatic
# | := 
# variable set hash-table stats:
# Load=8/32=25%, Rehash=0, Collisions=1/11=9%
#  recipe to execute (from 'Makefile', line 7):
	g++ -c Client.cpp -std=c++11

# Not a target:
Blockable.h:
#  Implicit rule search has not been done.
#  Modification time never checked.
#  File has not been updated.

Client: Client.o thread.o socket.o Blockable.o
#  Implicit rule search has not been done.
#  Last modified 2021-11-12 18:34:27.824245368
#  File has been updated.
#  Needs to be updated (-q is set).
# variable set hash-table stats:
# Load=0/32=0%, Rehash=0, Collisions=0/3=0%
#  recipe to execute (from 'Makefile', line 4):
	g++ -o Client Client.o thread.o socket.o Blockable.o -pthread -l rt

Blockable.o: Blockable.h Blockable.cpp
#  Implicit rule search has not been done.
 
#  Modification time never checked.
#  File has not been updated.
#  recipe to execute (from 'Makefile', line 13):
	g++ -c Blockable.cpp -std=c++11

# Not a target:
Makefile:
#  Implicit rule search has been done.
#  Last modified 2021-11-12 18:34:27.824245368
#  File has been updated.
#  Successfully updated.

socketserver.o: socketserver.cpp socket.h socketserver.h
#  Implicit rule search has not been done.
#  Modification time never checked.
#  File has not been updated.
#  recipe to execute (from 'Makefile', line 25):
	g++ -c socketserver.cpp -std=c++11

# Not a target:
Blockable.cpp:
#  Implicit rule search has not been done.
#  Modification time never checked.
#  File has not been updated.

socket.o: socket.cpp socket.h
#  Implicit rule search has not been done.
#  Modification time never checked.
#  File has not been updated.
#  recipe to execute (from 'Makefile', line 22):
	g++ -c socket.cpp -std=c++11

# Not a target:
socketserver.cpp:
#  Implicit rule search has not been done.
#  Modification time never checked.
#  File has not been updated.

# Not a target:
Server.cpp:
#  Implicit rule search has not been done.
#  Modification time never checked.
#  File has not been updated.

# Not a target:
.DEFAULT:
#  Implicit rule search has not been done.
#  Modification time never checked.
#  File has not been updated.

all: Client Server
#  Command line target.
#  Implicit rule search has been done.
#  File does not exist.
#  File has been updated.
#  Needs to be updated (-q is set).
# variable set hash-table stats:
# Load=0/32=0%, Rehash=0, Collisions=0/3=0%

Server: Server.o thread.o socket.o socketserver.o Blockable.o
#  Implicit rule search has not been done.
#  Modification time never checked.
#  File has not been updated.
#  recipe to execute (from 'Makefile', line 10):
	g++ -o Server Server.o thread.o socket.o socketserver.o Blockable.o -pthread -l rt

Server.o: Server.cpp thread.h socketserver.h
#  Implicit rule search has not been done.
#  Modification time never checked.
#  File has not been updated.
#  recipe to execute (from 'Makefile', line 16):
	g++ -c Server.cpp -std=c++11

# Not a target:
thread.cpp:
#  Implicit rule search has not been done.
#  Modification time never checked.
#  File has not been updated.

# Not a target:
thread.h:
#  Implicit rule search has not been done.
#  Modification time never checked.
#  File has not been updated.

# Not a target:
Client.cpp:
#  Implicit rule search has been done.
#  Last modified 2021-11-12 18:34:27.824245368
#  File has been updated.
#  Successfully updated.

# Not a target:
.SUFFIXES:
#  Implicit rule search has not been done.
#  Modification time never checked.
#  File has not been updated.

# Not a target:
socket.h:
#  Implicit rule search has been done.
#  Last modified 2021-11-12 18:34:27.828245368
#  File has been updated.
#  Successfully updated.

# Not a target:
socketserver.h:
#  Implicit rule search has not been done.
#  Modification time never checked.
#  File has not been updated.

thread.o: thread.cpp thread.h
#  Implicit rule search has not been done.
#  Modification time never checked.
#  File has not been updated.
#  recipe to execute (from 'Makefile', line 19):
	g++ -c thread.cpp -std=c++11

# files hash-table stats:
# Load=22/1024=2%, Rehash=0, Collisions=2/67=3%
# VPATH Search Paths

# No 'vpath' search paths.

# No general ('VPATH' variable) search path.

# strcache buffers: 1 (0) / strings = 29 / storage = 289 B / avg = 9 B
# current buf: size = 8162 B / used = 289 B / count = 29 / avg = 9 B

# strcache performance: lookups = 77 / hit rate = 62%
# hash-table stats:
# Load=29/8192=0%, Rehash=0, Collisions=0/77=0%
# Finished Make data base on Fri Nov 12 18:34:53 2021

 
